<?xml version="1.0" encoding="UTF-8"?>
<!-- Generated by org.testng.reporters.JUnitReportReporter -->
<testsuite hostname="dad" failures="0" tests="2" name="sw409.EmployeeTests.EmployeeCrudTests" time="2.705" errors="0" timestamp="2020-12-03T20:10:18 EST" skipped="0">
  <testcase classname="sw409.EmployeeTests.EmployeeCrudTests" name="testGetEmployees" time="0.112"/>
  <system-out/>
  <testcase classname="sw409.EmployeeTests.EmployeeCrudTests" name="testCreateEmployee" time="2.593"/>
  <system-out/>
</testsuite> <!-- sw409.EmployeeTests.EmployeeCrudTests -->
