<?xml version="1.0" encoding="UTF-8"?>
<!-- Generated by org.testng.reporters.JUnitReportReporter -->
<testsuite hostname="dad" failures="0" tests="1" name="sw409.EmployeeTests.AppTest" time="0.006" errors="0" timestamp="2020-12-03T20:10:18 EST" skipped="0">
  <testcase classname="sw409.EmployeeTests.AppTest" name="shouldAnswerWithTrue" time="0.006"/>
  <system-out/>
</testsuite> <!-- sw409.EmployeeTests.AppTest -->
